<?xml version="1.0" encoding="UTF-8"?>
<testng-results ignored="0" total="1" passed="1" failed="0" skipped="0">
  <reporter-output>
  </reporter-output>
  <suite started-at="2023-07-07T12:34:30 IST" name="Default suite" finished-at="2023-07-07T12:35:33 IST" duration-ms="63038">
    <groups>
    </groups>
    <test started-at="2023-07-07T12:34:30 IST" name="Default test" finished-at="2023-07-07T12:35:33 IST" duration-ms="63038">
      <class name="com.saucelabtestscripts.SauceLabTestScript">
        <test-method is-config="true" signature="openBrowser()[pri:0, instance:com.saucelabtestscripts.SauceLabTestScript@156b88f5]" started-at="2023-07-07T12:34:30 IST" name="openBrowser" finished-at="2023-07-07T12:35:04 IST" duration-ms="33872" status="PASS">
          <reporter-output>
          </reporter-output>
        </test-method> <!-- openBrowser -->
        <test-method signature="allMethods()[pri:0, instance:com.saucelabtestscripts.SauceLabTestScript@156b88f5]" started-at="2023-07-07T12:35:04 IST" name="allMethods" finished-at="2023-07-07T12:35:33 IST" duration-ms="29077" status="PASS">
          <reporter-output>
          </reporter-output>
        </test-method> <!-- allMethods -->
      </class> <!-- com.saucelabtestscripts.SauceLabTestScript -->
    </test> <!-- Default test -->
  </suite> <!-- Default suite -->
</testng-results>
